<?xml version="1.0" encoding="UTF-8"?>
<!-- Generated by org.testng.reporters.JUnitReportReporter -->
<testsuite skipped="0" hostname="ASIPL0064_GauravA" name="Test9" tests="1" failures="0" timestamp="24 Jun 2020 16:26:11 GMT" time="15.901" errors="0">
  <testcase name="alertPop" time="15.901" classname="Test9"/>
</testsuite> <!-- Test9 -->
