<?xml version="1.0" encoding="UTF-8"?>
<!-- Generated by org.testng.reporters.JUnitReportReporter -->
<testsuite skipped="0" hostname="ASIPL0064_GauravA" name="Test6" tests="1" failures="0" timestamp="24 Jun 2020 11:04:37 GMT" time="25.641" errors="0">
  <testcase name="messageWin" time="25.641" classname="Test6"/>
</testsuite> <!-- Test6 -->
