<?xml version="1.0" encoding="UTF-8"?>
<!-- Generated by org.testng.reporters.JUnitReportReporter -->
<testsuite skipped="0" hostname="ASIPL0064_GauravA" name="Test1" tests="1" failures="0" timestamp="20 Jun 2020 16:33:23 GMT" time="51.506" errors="0">
  <testcase name="browse" time="51.506" classname="Test1"/>
</testsuite> <!-- Test1 -->
