<?xml version="1.0" encoding="UTF-8"?>
<!-- Generated by org.testng.reporters.JUnitReportReporter -->
<testsuite skipped="0" hostname="ASIPL0064_GauravA" name="Test3" tests="1" failures="0" timestamp="21 Jun 2020 06:32:53 GMT" time="56.827" errors="0">
  <testcase name="browse" time="56.827" classname="Test3"/>
</testsuite> <!-- Test3 -->
