<?xml version="1.0" encoding="UTF-8"?>
<!-- Generated by org.testng.reporters.JUnitReportReporter -->
<testsuite skipped="0" hostname="ASIPL0064_GauravA" name="Test2" tests="1" failures="0" timestamp="21 Jun 2020 05:37:39 GMT" time="94.041" errors="0">
  <testcase name="browse" time="94.041" classname="Test2"/>
</testsuite> <!-- Test2 -->
