<?xml version="1.0" encoding="UTF-8"?>
<!-- Generated by org.testng.reporters.JUnitReportReporter -->
<testsuite skipped="0" hostname="ASIPL0064_GauravA" name="Test5" tests="1" failures="0" timestamp="24 Jun 2020 05:56:16 GMT" time="0.007" errors="0">
  <testcase name="frame" time="0.007" classname="Test5"/>
</testsuite> <!-- Test5 -->
