<?xml version="1.0" encoding="UTF-8"?>
<!-- Generated by org.testng.reporters.JUnitReportReporter -->
<testsuite skipped="0" hostname="ASIPL0064_GauravA" name="Test4" tests="1" failures="0" timestamp="21 Jun 2020 10:17:25 GMT" time="54.002" errors="0">
  <testcase name="table" time="54.002" classname="Test4"/>
</testsuite> <!-- Test4 -->
