<?xml version="1.0" encoding="UTF-8"?>
<!-- Generated by org.testng.reporters.JUnitReportReporter -->
<testsuite skipped="0" hostname="ASIPL0064_GauravA" name="Test7" tests="1" failures="0" timestamp="24 Jun 2020 11:31:14 GMT" time="20.780" errors="0">
  <testcase name="newTab" time="20.780" classname="Test7"/>
</testsuite> <!-- Test7 -->
